<?xml version="1.0" encoding="UTF-8"?>
<!-- Generated by org.testng.reporters.JUnitReportReporter -->
<testsuite hostname="Balaji" failures="0" tests="1" name="com.cgi.runner2.RunnerTest" time="17.054" errors="0" timestamp="2022-07-01T15:51:20 IST" skipped="0">
  <testcase classname="com.cgi.runner2.RunnerTest" name="runScenario" time="17.054"/>
  <system-out/>
</testsuite> <!-- com.cgi.runner2.RunnerTest -->
