<?xml version="1.0" encoding="UTF-8"?>
<!-- Generated by org.testng.reporters.JUnitReportReporter -->
<testsuite hostname="Balaji" failures="0" tests="3" name="com.cgi.runner.RunnerTest" time="33.308" errors="0" timestamp="2022-07-01T15:51:20 IST" skipped="0">
  <testcase classname="com.cgi.runner.RunnerTest" name="runScenario" time="9.375"/>
  <system-out/>
  <testcase classname="com.cgi.runner.RunnerTest" name="runScenario" time="9.097"/>
  <system-out/>
  <testcase classname="com.cgi.runner.RunnerTest" name="runScenario" time="14.836"/>
  <system-out/>
</testsuite> <!-- com.cgi.runner.RunnerTest -->
